The system is: Windows - 10.0.19045 - AMD64
Compiling the C compiler identification source file "CMakeCCompilerId.c" succeeded.
Compiler: D:/CLion 2022.2.4/bin/mingw/bin/gcc.exe 
Build flags: 
Id flags:  

The output was:
0


Compilation of the C compiler identification source "CMakeCCompilerId.c" produced "a.exe"

The C compiler identification is GNU, found in "D:/PC/SP/Class 6 (pointers)/lab9/lab9_3/cmake-build-debug/CMakeFiles/3.23.2/CompilerIdC/a.exe"

Compiling the CXX compiler identification source file "CMakeCXXCompilerId.cpp" succeeded.
Compiler: D:/CLion 2022.2.4/bin/mingw/bin/g++.exe 
Build flags: 
Id flags:  

The output was:
0


Compilation of the CXX compiler identification source "CMakeCXXCompilerId.cpp" produced "a.exe"

The CXX compiler identification is GNU, found in "D:/PC/SP/Class 6 (pointers)/lab9/lab9_3/cmake-build-debug/CMakeFiles/3.23.2/CompilerIdCXX/a.exe"

Determining if the C compiler works passed with the following output:
Change Dir: D:/PC/SP/Class 6 (pointers)/lab9/lab9_3/cmake-build-debug/CMakeFiles/CMakeTmp

Run Build Command(s):D:/CLion 2022.2.4/bin/ninja/win/ninja.exe cmTC_5d25b && [1/2] Building C object CMakeFiles/cmTC_5d25b.dir/testCCompiler.c.obj
[2/2] Linking C executable cmTC_5d25b.exe



Determining if the CXX compiler works passed with the following output:
Change Dir: D:/PC/SP/Class 6 (pointers)/lab9/lab9_3/cmake-build-debug/CMakeFiles/CMakeTmp

Run Build Command(s):D:/CLion 2022.2.4/bin/ninja/win/ninja.exe cmTC_c3b4b && [1/2] Building CXX object CMakeFiles/cmTC_c3b4b.dir/testCXXCompiler.cxx.obj
[2/2] Linking CXX executable cmTC_c3b4b.exe



